# JRE version: OpenJDK Runtime Environment (8.0_242-b01) (build 1.8.0_242-release-1644-b01)
# Java VM: OpenJDK 64-Bit Server VM (25.242-b01 mixed mode windows-amd64 compressed oops)
Heap:
 PSYoungGen      total 589824K, used 53285K [0x00000000d5580000, 0x00000000fc880000, 0x0000000100000000)
  eden space 558080K, 4% used [0x00000000d5580000,0x00000000d6c0d3c8,0x00000000f7680000)
  from space 31744K, 95% used [0x00000000f9a00000,0x00000000fb77c3c8,0x00000000fb900000)
  to   space 36352K, 0% used [0x00000000f7680000,0x00000000f7680000,0x00000000f9a00000)
 ParOldGen       total 151040K, used 87825K [0x0000000080000000, 0x0000000089380000, 0x00000000d5580000)
  object space 151040K, 58% used [0x0000000080000000,0x00000000855c44d8,0x0000000089380000)
 Metaspace       used 93299K, capacity 97998K, committed 98200K, reserved 1134592K
  class space    used 12258K, capacity 13192K, committed 13232K, reserved 1048576K
GC Heap History (10 events):
Event: 958.467 GC heap before
{Heap before GC invocations=20 (full 3):
 PSYoungGen      total 353280K, used 348992K [0x00000000d5580000, 0x00000000ec780000, 0x0000000100000000)
  eden space 335872K, 100% used [0x00000000d5580000,0x00000000e9d80000,0x00000000e9d80000)
  from space 17408K, 75% used [0x00000000eb680000,0x00000000ec350040,0x00000000ec780000)
  to   space 21504K, 0% used [0x00000000e9d80000,0x00000000e9d80000,0x00000000eb280000)
 ParOldGen       total 87552K, used 48723K [0x0000000080000000, 0x0000000085580000, 0x00000000d5580000)
  object space 87552K, 55% used [0x0000000080000000,0x0000000082f94dc8,0x0000000085580000)
 Metaspace       used 69369K, capacity 72604K, committed 72856K, reserved 1112064K
  class space    used 9202K, capacity 9860K, committed 9904K, reserved 1048576K
Event: 958.499 GC heap after
Heap after GC invocations=20 (full 3):
 PSYoungGen      total 357376K, used 14087K [0x00000000d5580000, 0x00000000f3300000, 0x0000000100000000)
  eden space 335872K, 0% used [0x00000000d5580000,0x00000000d5580000,0x00000000e9d80000)
  from space 21504K, 65% used [0x00000000e9d80000,0x00000000eab41e80,0x00000000eb280000)
  to   space 22016K, 0% used [0x00000000f1d80000,0x00000000f1d80000,0x00000000f3300000)
 ParOldGen       total 87552K, used 59463K [0x0000000080000000, 0x0000000085580000, 0x00000000d5580000)
  object space 87552K, 67% used [0x0000000080000000,0x0000000083a11fd0,0x0000000085580000)
 Metaspace       used 69369K, capacity 72604K, committed 72856K, reserved 1112064K
  class space    used 9202K, capacity 9860K, committed 9904K, reserved 1048576K
}
Event: 1044.026 GC heap before
{Heap before GC invocations=21 (full 3):
 PSYoungGen      total 357376K, used 349959K [0x00000000d5580000, 0x00000000f3300000, 0x0000000100000000)
  eden space 335872K, 100% used [0x00000000d5580000,0x00000000e9d80000,0x00000000e9d80000)
  from space 21504K, 65% used [0x00000000e9d80000,0x00000000eab41e80,0x00000000eb280000)
  to   space 22016K, 0% used [0x00000000f1d80000,0x00000000f1d80000,0x00000000f3300000)
 ParOldGen       total 87552K, used 59463K [0x0000000080000000, 0x0000000085580000, 0x00000000d5580000)
  object space 87552K, 67% used [0x0000000080000000,0x0000000083a11fd0,0x0000000085580000)
 Metaspace       used 74349K, capacity 77786K, committed 77848K, reserved 1116160K
  class space    used 9841K, capacity 10538K, committed 10544K, reserved 1048576K
Event: 1044.067 GC heap after
Heap after GC invocations=21 (full 3):
 PSYoungGen      total 460288K, used 21997K [0x00000000d5580000, 0x00000000f3a00000, 0x0000000100000000)
  eden space 438272K, 0% used [0x00000000d5580000,0x00000000d5580000,0x00000000f0180000)
  from space 22016K, 99% used [0x00000000f1d80000,0x00000000f32fb6f8,0x00000000f3300000)
  to   space 28672K, 0% used [0x00000000f0180000,0x00000000f0180000,0x00000000f1d80000)
 ParOldGen       total 87552K, used 68326K [0x0000000080000000, 0x0000000085580000, 0x00000000d5580000)
  object space 87552K, 78% used [0x0000000080000000,0x00000000842b9970,0x0000000085580000)
 Metaspace       used 74349K, capacity 77786K, committed 77848K, reserved 1116160K
  class space    used 9841K, capacity 10538K, committed 10544K, reserved 1048576K
}
Event: 1433.459 GC heap before
{Heap before GC invocations=22 (full 3):
 PSYoungGen      total 460288K, used 460269K [0x00000000d5580000, 0x00000000f3a00000, 0x0000000100000000)
  eden space 438272K, 100% used [0x00000000d5580000,0x00000000f0180000,0x00000000f0180000)
  from space 22016K, 99% used [0x00000000f1d80000,0x00000000f32fb6f8,0x00000000f3300000)
  to   space 28672K, 0% used [0x00000000f0180000,0x00000000f0180000,0x00000000f1d80000)
 ParOldGen       total 87552K, used 68326K [0x0000000080000000, 0x0000000085580000, 0x00000000d5580000)
  object space 87552K, 78% used [0x0000000080000000,0x00000000842b9970,0x0000000085580000)
 Metaspace       used 89575K, capacity 94330K, committed 94616K, reserved 1130496K
  class space    used 11998K, capacity 12926K, committed 12976K, reserved 1048576K
Event: 1433.562 GC heap after
Heap after GC invocations=22 (full 3):
 PSYoungGen      total 466944K, used 24106K [0x00000000d5580000, 0x00000000fb900000, 0x0000000100000000)
  eden space 438272K, 0% used [0x00000000d5580000,0x00000000d5580000,0x00000000f0180000)
  from space 28672K, 84% used [0x00000000f0180000,0x00000000f190a890,0x00000000f1d80000)
  to   space 31744K, 0% used [0x00000000f9a00000,0x00000000f9a00000,0x00000000fb900000)
 ParOldGen       total 87552K, used 80418K [0x0000000080000000, 0x0000000085580000, 0x00000000d5580000)
  object space 87552K, 91% used [0x0000000080000000,0x0000000084e888e0,0x0000000085580000)
 Metaspace       used 89575K, capacity 94330K, committed 94616K, reserved 1130496K
  class space    used 11998K, capacity 12926K, committed 12976K, reserved 1048576K
}
Event: 1433.574 GC heap before
{Heap before GC invocations=23 (full 4):
 PSYoungGen      total 466944K, used 24106K [0x00000000d5580000, 0x00000000fb900000, 0x0000000100000000)
  eden space 438272K, 0% used [0x00000000d5580000,0x00000000d5580000,0x00000000f0180000)
  from space 28672K, 84% used [0x00000000f0180000,0x00000000f190a890,0x00000000f1d80000)
  to   space 31744K, 0% used [0x00000000f9a00000,0x00000000f9a00000,0x00000000fb900000)
 ParOldGen       total 87552K, used 80418K [0x0000000080000000, 0x0000000085580000, 0x00000000d5580000)
  object space 87552K, 91% used [0x0000000080000000,0x0000000084e888e0,0x0000000085580000)
 Metaspace       used 89575K, capacity 94330K, committed 94616K, reserved 1130496K
  class space    used 11998K, capacity 12926K, committed 12976K, reserved 1048576K
Event: 1434.294 GC heap after
Heap after GC invocations=23 (full 4):
 PSYoungGen      total 466944K, used 528K [0x00000000d5580000, 0x00000000fb900000, 0x0000000100000000)
  eden space 438272K, 0% used [0x00000000d5580000,0x00000000d5580000,0x00000000f0180000)
  from space 28672K, 1% used [0x00000000f0180000,0x00000000f02040e8,0x00000000f1d80000)
  to   space 31744K, 0% used [0x00000000f9a00000,0x00000000f9a00000,0x00000000fb900000)
 ParOldGen       total 151040K, used 87242K [0x0000000080000000, 0x0000000089380000, 0x00000000d5580000)
  object space 151040K, 57% used [0x0000000080000000,0x0000000085532868,0x0000000089380000)
 Metaspace       used 89442K, capacity 93966K, committed 94616K, reserved 1130496K
  class space    used 11955K, capacity 12850K, committed 12976K, reserved 1048576K
}
Event: 1470.744 GC heap before
{Heap before GC invocations=24 (full 4):
 PSYoungGen      total 466944K, used 438800K [0x00000000d5580000, 0x00000000fb900000, 0x0000000100000000)
  eden space 438272K, 100% used [0x00000000d5580000,0x00000000f0180000,0x00000000f0180000)
  from space 28672K, 1% used [0x00000000f0180000,0x00000000f02040e8,0x00000000f1d80000)
  to   space 31744K, 0% used [0x00000000f9a00000,0x00000000f9a00000,0x00000000fb900000)
 ParOldGen       total 151040K, used 87242K [0x0000000080000000, 0x0000000089380000, 0x00000000d5580000)
  object space 151040K, 57% used [0x0000000080000000,0x0000000085532868,0x0000000089380000)
 Metaspace       used 93285K, capacity 97992K, committed 98200K, reserved 1134592K
  class space    used 12257K, capacity 13191K, committed 13232K, reserved 1048576K
Event: 1471.445 GC heap after
Heap after GC invocations=24 (full 4):
 PSYoungGen      total 589824K, used 30192K [0x00000000d5580000, 0x00000000fc880000, 0x0000000100000000)
  eden space 558080K, 0% used [0x00000000d5580000,0x00000000d5580000,0x00000000f7680000)
  from space 31744K, 95% used [0x00000000f9a00000,0x00000000fb77c3c8,0x00000000fb900000)
  to   space 36352K, 0% used [0x00000000f7680000,0x00000000f7680000,0x00000000f9a00000)
 ParOldGen       total 151040K, used 87825K [0x0000000080000000, 0x0000000089380000, 0x00000000d5580000)
  object space 151040K, 58% used [0x0000000080000000,0x00000000855c44d8,0x0000000089380000)
 Metaspace       used 93285K, capacity 97992K, committed 98200K, reserved 1134592K
  class space    used 12257K, capacity 13191K, committed 13232K, reserved 1048576K
}

