# JRE version: OpenJDK Runtime Environment (8.0_242-b01) (build 1.8.0_242-release-1644-b01)
# Java VM: OpenJDK 64-Bit Server VM (25.242-b01 mixed mode windows-amd64 compressed oops)
Heap:
 PSYoungGen      total 381440K, used 37564K [0x00000000d5580000, 0x00000000f3f00000, 0x0000000100000000)
  eden space 353792K, 8% used [0x00000000d5580000,0x00000000d73777b0,0x00000000eaf00000)
  from space 27648K, 24% used [0x00000000eaf00000,0x00000000eb5b7898,0x00000000eca00000)
  to   space 37888K, 0% used [0x00000000f1a00000,0x00000000f1a00000,0x00000000f3f00000)
 ParOldGen       total 165376K, used 89309K [0x0000000080000000, 0x000000008a180000, 0x00000000d5580000)
  object space 165376K, 54% used [0x0000000080000000,0x00000000857375c8,0x000000008a180000)
 Metaspace       used 90305K, capacity 94666K, committed 95768K, reserved 1132544K
  class space    used 11927K, capacity 12788K, committed 13104K, reserved 1048576K
GC Heap History (10 events):
Event: 132.176 GC heap before
{Heap before GC invocations=19 (full 3):
 PSYoungGen      total 233984K, used 233961K [0x00000000d5580000, 0x00000000eac80000, 0x0000000100000000)
  eden space 215552K, 100% used [0x00000000d5580000,0x00000000e2800000,0x00000000e2800000)
  from space 18432K, 99% used [0x00000000e2800000,0x00000000e39fa5d8,0x00000000e3a00000)
  to   space 25088K, 0% used [0x00000000e9400000,0x00000000e9400000,0x00000000eac80000)
 ParOldGen       total 89600K, used 48826K [0x0000000080000000, 0x0000000085780000, 0x00000000d5580000)
  object space 89600K, 54% used [0x0000000080000000,0x0000000082fae820,0x0000000085780000)
 Metaspace       used 67866K, capacity 71060K, committed 71320K, reserved 1110016K
  class space    used 9224K, capacity 9870K, committed 9904K, reserved 1048576K
Event: 132.202 GC heap after
Heap after GC invocations=19 (full 3):
 PSYoungGen      total 311808K, used 3665K [0x00000000d5580000, 0x00000000ea580000, 0x0000000100000000)
  eden space 293888K, 0% used [0x00000000d5580000,0x00000000d5580000,0x00000000e7480000)
  from space 17920K, 20% used [0x00000000e9400000,0x00000000e97946f0,0x00000000ea580000)
  to   space 25088K, 0% used [0x00000000e7480000,0x00000000e7480000,0x00000000e8d00000)
 ParOldGen       total 89600K, used 61620K [0x0000000080000000, 0x0000000085780000, 0x00000000d5580000)
  object space 89600K, 68% used [0x0000000080000000,0x0000000083c2d3a8,0x0000000085780000)
 Metaspace       used 67866K, capacity 71060K, committed 71320K, reserved 1110016K
  class space    used 9224K, capacity 9870K, committed 9904K, reserved 1048576K
}
Event: 147.928 GC heap before
{Heap before GC invocations=20 (full 3):
 PSYoungGen      total 311808K, used 297553K [0x00000000d5580000, 0x00000000ea580000, 0x0000000100000000)
  eden space 293888K, 100% used [0x00000000d5580000,0x00000000e7480000,0x00000000e7480000)
  from space 17920K, 20% used [0x00000000e9400000,0x00000000e97946f0,0x00000000ea580000)
  to   space 25088K, 0% used [0x00000000e7480000,0x00000000e7480000,0x00000000e8d00000)
 ParOldGen       total 89600K, used 61620K [0x0000000080000000, 0x0000000085780000, 0x00000000d5580000)
  object space 89600K, 68% used [0x0000000080000000,0x0000000083c2d3a8,0x0000000085780000)
 Metaspace       used 72439K, capacity 75830K, committed 76056K, reserved 1114112K
  class space    used 9794K, capacity 10471K, committed 10544K, reserved 1048576K
Event: 148.020 GC heap after
Heap after GC invocations=20 (full 3):
 PSYoungGen      total 318976K, used 22350K [0x00000000d5580000, 0x00000000eed80000, 0x0000000100000000)
  eden space 293888K, 0% used [0x00000000d5580000,0x00000000d5580000,0x00000000e7480000)
  from space 25088K, 89% used [0x00000000e7480000,0x00000000e8a53ad8,0x00000000e8d00000)
  to   space 28160K, 0% used [0x00000000ed200000,0x00000000ed200000,0x00000000eed80000)
 ParOldGen       total 89600K, used 63280K [0x0000000080000000, 0x0000000085780000, 0x00000000d5580000)
  object space 89600K, 70% used [0x0000000080000000,0x0000000083dcc3d8,0x0000000085780000)
 Metaspace       used 72439K, capacity 75830K, committed 76056K, reserved 1114112K
  class space    used 9794K, capacity 10471K, committed 10544K, reserved 1048576K
}
Event: 199.089 GC heap before
{Heap before GC invocations=21 (full 3):
 PSYoungGen      total 318976K, used 316238K [0x00000000d5580000, 0x00000000eed80000, 0x0000000100000000)
  eden space 293888K, 100% used [0x00000000d5580000,0x00000000e7480000,0x00000000e7480000)
  from space 25088K, 89% used [0x00000000e7480000,0x00000000e8a53ad8,0x00000000e8d00000)
  to   space 28160K, 0% used [0x00000000ed200000,0x00000000ed200000,0x00000000eed80000)
 ParOldGen       total 89600K, used 63280K [0x0000000080000000, 0x0000000085780000, 0x00000000d5580000)
  object space 89600K, 70% used [0x0000000080000000,0x0000000083dcc3d8,0x0000000085780000)
 Metaspace       used 74153K, capacity 77712K, committed 77848K, reserved 1116160K
  class space    used 9964K, capacity 10686K, committed 10800K, reserved 1048576K
Event: 199.118 GC heap after
Heap after GC invocations=21 (full 3):
 PSYoungGen      total 373248K, used 4341K [0x00000000d5580000, 0x00000000ee500000, 0x0000000100000000)
  eden space 353792K, 0% used [0x00000000d5580000,0x00000000d5580000,0x00000000eaf00000)
  from space 19456K, 22% used [0x00000000ed200000,0x00000000ed63d7a8,0x00000000ee500000)
  to   space 27648K, 0% used [0x00000000eaf00000,0x00000000eaf00000,0x00000000eca00000)
 ParOldGen       total 89600K, used 73285K [0x0000000080000000, 0x0000000085780000, 0x00000000d5580000)
  object space 89600K, 81% used [0x0000000080000000,0x00000000847917c8,0x0000000085780000)
 Metaspace       used 74153K, capacity 77712K, committed 77848K, reserved 1116160K
  class space    used 9964K, capacity 10686K, committed 10800K, reserved 1048576K
}
Event: 227.583 GC heap before
{Heap before GC invocations=22 (full 3):
 PSYoungGen      total 373248K, used 358133K [0x00000000d5580000, 0x00000000ee500000, 0x0000000100000000)
  eden space 353792K, 100% used [0x00000000d5580000,0x00000000eaf00000,0x00000000eaf00000)
  from space 19456K, 22% used [0x00000000ed200000,0x00000000ed63d7a8,0x00000000ee500000)
  to   space 27648K, 0% used [0x00000000eaf00000,0x00000000eaf00000,0x00000000eca00000)
 ParOldGen       total 89600K, used 73285K [0x0000000080000000, 0x0000000085780000, 0x00000000d5580000)
  object space 89600K, 81% used [0x0000000080000000,0x00000000847917c8,0x0000000085780000)
 Metaspace       used 90238K, capacity 95162K, committed 95512K, reserved 1132544K
  class space    used 12046K, capacity 13028K, committed 13104K, reserved 1048576K
Event: 227.805 GC heap after
Heap after GC invocations=22 (full 3):
 PSYoungGen      total 381440K, used 27644K [0x00000000d5580000, 0x00000000f3f00000, 0x0000000100000000)
  eden space 353792K, 0% used [0x00000000d5580000,0x00000000d5580000,0x00000000eaf00000)
  from space 27648K, 99% used [0x00000000eaf00000,0x00000000ec9ff328,0x00000000eca00000)
  to   space 37888K, 0% used [0x00000000f1a00000,0x00000000f1a00000,0x00000000f3f00000)
 ParOldGen       total 89600K, used 88381K [0x0000000080000000, 0x0000000085780000, 0x00000000d5580000)
  object space 89600K, 98% used [0x0000000080000000,0x000000008564f6d0,0x0000000085780000)
 Metaspace       used 90238K, capacity 95162K, committed 95512K, reserved 1132544K
  class space    used 12046K, capacity 13028K, committed 13104K, reserved 1048576K
}
Event: 227.805 GC heap before
{Heap before GC invocations=23 (full 4):
 PSYoungGen      total 381440K, used 27644K [0x00000000d5580000, 0x00000000f3f00000, 0x0000000100000000)
  eden space 353792K, 0% used [0x00000000d5580000,0x00000000d5580000,0x00000000eaf00000)
  from space 27648K, 99% used [0x00000000eaf00000,0x00000000ec9ff328,0x00000000eca00000)
  to   space 37888K, 0% used [0x00000000f1a00000,0x00000000f1a00000,0x00000000f3f00000)
 ParOldGen       total 89600K, used 88381K [0x0000000080000000, 0x0000000085780000, 0x00000000d5580000)
  object space 89600K, 98% used [0x0000000080000000,0x000000008564f6d0,0x0000000085780000)
 Metaspace       used 90238K, capacity 95162K, committed 95512K, reserved 1132544K
  class space    used 12046K, capacity 13028K, committed 13104K, reserved 1048576K
Event: 229.370 GC heap after
Heap after GC invocations=23 (full 4):
 PSYoungGen      total 381440K, used 6878K [0x00000000d5580000, 0x00000000f3f00000, 0x0000000100000000)
  eden space 353792K, 0% used [0x00000000d5580000,0x00000000d5580000,0x00000000eaf00000)
  from space 27648K, 24% used [0x00000000eaf00000,0x00000000eb5b7898,0x00000000eca00000)
  to   space 37888K, 0% used [0x00000000f1a00000,0x00000000f1a00000,0x00000000f3f00000)
 ParOldGen       total 165376K, used 89309K [0x0000000080000000, 0x000000008a180000, 0x00000000d5580000)
  object space 165376K, 54% used [0x0000000080000000,0x00000000857375c8,0x000000008a180000)
 Metaspace       used 89764K, capacity 94000K, committed 95512K, reserved 1132544K
  class space    used 11877K, capacity 12727K, committed 13104K, reserved 1048576K
}

