# JRE version: OpenJDK Runtime Environment (8.0_242-b01) (build 1.8.0_242-release-1644-b01)
# Java VM: OpenJDK 64-Bit Server VM (25.242-b01 mixed mode windows-amd64 compressed oops)
Heap:
 PSYoungGen      total 503296K, used 417397K [0x00000000d5580000, 0x0000000100000000, 0x0000000100000000)
  eden space 429568K, 80% used [0x00000000d5580000,0x00000000ea523a48,0x00000000ef900000)
  from space 73728K, 99% used [0x00000000ef900000,0x00000000f40f9d08,0x00000000f4100000)
  to   space 135680K, 0% used [0x00000000f7b80000,0x00000000f7b80000,0x0000000100000000)
 ParOldGen       total 438784K, used 341470K [0x0000000080000000, 0x000000009ac80000, 0x00000000d5580000)
  object space 438784K, 77% used [0x0000000080000000,0x0000000094d77940,0x000000009ac80000)
 Metaspace       used 114603K, capacity 119996K, committed 120920K, reserved 1155072K
  class space    used 14622K, capacity 15697K, committed 16000K, reserved 1048576K
GC Heap History (10 events):
Event: 10104.630 GC heap before
{Heap before GC invocations=32 (full 4):
 PSYoungGen      total 600064K, used 578826K [0x00000000d5580000, 0x00000000fff80000, 0x0000000100000000)
  eden space 558592K, 100% used [0x00000000d5580000,0x00000000f7700000,0x00000000f7700000)
  from space 41472K, 48% used [0x00000000f7700000,0x00000000f8ac2ad8,0x00000000f9f80000)
  to   space 39936K, 0% used [0x00000000fd880000,0x00000000fd880000,0x00000000fff80000)
 ParOldGen       total 164352K, used 80001K [0x0000000080000000, 0x000000008a080000, 0x00000000d5580000)
  object space 164352K, 48% used [0x0000000080000000,0x0000000084e20578,0x000000008a080000)
 Metaspace       used 106371K, capacity 112116K, committed 112344K, reserved 1146880K
  class space    used 13860K, capacity 14968K, committed 15104K, reserved 1048576K
Event: 10104.656 GC heap after
Heap after GC invocations=32 (full 4):
 PSYoungGen      total 654336K, used 22234K [0x00000000d5580000, 0x00000000ffc80000, 0x0000000100000000)
  eden space 617472K, 0% used [0x00000000d5580000,0x00000000d5580000,0x00000000fb080000)
  from space 36864K, 60% used [0x00000000fd880000,0x00000000fee36ac8,0x00000000ffc80000)
  to   space 38912K, 0% used [0x00000000fb080000,0x00000000fb080000,0x00000000fd680000)
 ParOldGen       total 164352K, used 80121K [0x0000000080000000, 0x000000008a080000, 0x00000000d5580000)
  object space 164352K, 48% used [0x0000000080000000,0x0000000084e3e578,0x000000008a080000)
 Metaspace       used 106371K, capacity 112116K, committed 112344K, reserved 1146880K
  class space    used 13860K, capacity 14968K, committed 15104K, reserved 1048576K
}
Event: 10113.807 GC heap before
{Heap before GC invocations=33 (full 4):
 PSYoungGen      total 654336K, used 639706K [0x00000000d5580000, 0x00000000ffc80000, 0x0000000100000000)
  eden space 617472K, 100% used [0x00000000d5580000,0x00000000fb080000,0x00000000fb080000)
  from space 36864K, 60% used [0x00000000fd880000,0x00000000fee36ac8,0x00000000ffc80000)
  to   space 38912K, 0% used [0x00000000fb080000,0x00000000fb080000,0x00000000fd680000)
 ParOldGen       total 164352K, used 80121K [0x0000000080000000, 0x000000008a080000, 0x00000000d5580000)
  object space 164352K, 48% used [0x0000000080000000,0x0000000084e3e578,0x000000008a080000)
 Metaspace       used 107080K, capacity 112966K, committed 113112K, reserved 1146880K
  class space    used 13935K, capacity 15049K, committed 15104K, reserved 1048576K
Event: 10114.164 GC heap after
Heap after GC invocations=33 (full 4):
 PSYoungGen      total 656384K, used 38901K [0x00000000d5580000, 0x0000000100000000, 0x0000000100000000)
  eden space 617472K, 0% used [0x00000000d5580000,0x00000000d5580000,0x00000000fb080000)
  from space 38912K, 99% used [0x00000000fb080000,0x00000000fd67d578,0x00000000fd680000)
  to   space 42496K, 0% used [0x00000000fd680000,0x00000000fd680000,0x0000000100000000)
 ParOldGen       total 255488K, used 255141K [0x0000000080000000, 0x000000008f980000, 0x00000000d5580000)
  object space 255488K, 99% used [0x0000000080000000,0x000000008f929630,0x000000008f980000)
 Metaspace       used 107080K, capacity 112966K, committed 113112K, reserved 1146880K
  class space    used 13935K, capacity 15049K, committed 15104K, reserved 1048576K
}
Event: 10114.164 GC heap before
{Heap before GC invocations=34 (full 5):
 PSYoungGen      total 656384K, used 38901K [0x00000000d5580000, 0x0000000100000000, 0x0000000100000000)
  eden space 617472K, 0% used [0x00000000d5580000,0x00000000d5580000,0x00000000fb080000)
  from space 38912K, 99% used [0x00000000fb080000,0x00000000fd67d578,0x00000000fd680000)
  to   space 42496K, 0% used [0x00000000fd680000,0x00000000fd680000,0x0000000100000000)
 ParOldGen       total 255488K, used 255141K [0x0000000080000000, 0x000000008f980000, 0x00000000d5580000)
  object space 255488K, 99% used [0x0000000080000000,0x000000008f929630,0x000000008f980000)
 Metaspace       used 107080K, capacity 112966K, committed 113112K, reserved 1146880K
  class space    used 13935K, capacity 15049K, committed 15104K, reserved 1048576K
Event: 10116.511 GC heap after
Heap after GC invocations=34 (full 5):
 PSYoungGen      total 656384K, used 21462K [0x00000000d5580000, 0x0000000100000000, 0x0000000100000000)
  eden space 617472K, 0% used [0x00000000d5580000,0x00000000d5580000,0x00000000fb080000)
  from space 38912K, 55% used [0x00000000fb080000,0x00000000fc575900,0x00000000fd680000)
  to   space 42496K, 0% used [0x00000000fd680000,0x00000000fd680000,0x0000000100000000)
 ParOldGen       total 438784K, used 255350K [0x0000000080000000, 0x000000009ac80000, 0x00000000d5580000)
  object space 438784K, 58% used [0x0000000080000000,0x000000008f95db48,0x000000009ac80000)
 Metaspace       used 106295K, capacity 111380K, committed 113112K, reserved 1146880K
  class space    used 13739K, capacity 14698K, committed 15104K, reserved 1048576K
}
Event: 10119.718 GC heap before
{Heap before GC invocations=35 (full 5):
 PSYoungGen      total 656384K, used 638934K [0x00000000d5580000, 0x0000000100000000, 0x0000000100000000)
  eden space 617472K, 100% used [0x00000000d5580000,0x00000000fb080000,0x00000000fb080000)
  from space 38912K, 55% used [0x00000000fb080000,0x00000000fc575900,0x00000000fd680000)
  to   space 42496K, 0% used [0x00000000fd680000,0x00000000fd680000,0x0000000100000000)
 ParOldGen       total 438784K, used 255350K [0x0000000080000000, 0x000000009ac80000, 0x00000000d5580000)
  object space 438784K, 58% used [0x0000000080000000,0x000000008f95db48,0x000000009ac80000)
 Metaspace       used 106340K, capacity 111444K, committed 113112K, reserved 1146880K
  class space    used 13740K, capacity 14698K, committed 15104K, reserved 1048576K
Event: 10119.873 GC heap after
Heap after GC invocations=35 (full 5):
 PSYoungGen      total 472064K, used 42492K [0x00000000d5580000, 0x0000000100000000, 0x0000000100000000)
  eden space 429568K, 0% used [0x00000000d5580000,0x00000000d5580000,0x00000000ef900000)
  from space 42496K, 99% used [0x00000000fd680000,0x00000000fffff338,0x0000000100000000)
  to   space 134656K, 0% used [0x00000000ef900000,0x00000000ef900000,0x00000000f7c80000)
 ParOldGen       total 438784K, used 341462K [0x0000000080000000, 0x000000009ac80000, 0x00000000d5580000)
  object space 438784K, 77% used [0x0000000080000000,0x0000000094d75940,0x000000009ac80000)
 Metaspace       used 106340K, capacity 111444K, committed 113112K, reserved 1146880K
  class space    used 13740K, capacity 14698K, committed 15104K, reserved 1048576K
}
Event: 10179.830 GC heap before
{Heap before GC invocations=36 (full 5):
 PSYoungGen      total 472064K, used 471957K [0x00000000d5580000, 0x0000000100000000, 0x0000000100000000)
  eden space 429568K, 99% used [0x00000000d5580000,0x00000000ef8e6150,0x00000000ef900000)
  from space 42496K, 99% used [0x00000000fd680000,0x00000000fffff338,0x0000000100000000)
  to   space 134656K, 0% used [0x00000000ef900000,0x00000000ef900000,0x00000000f7c80000)
 ParOldGen       total 438784K, used 341462K [0x0000000080000000, 0x000000009ac80000, 0x00000000d5580000)
  object space 438784K, 77% used [0x0000000080000000,0x0000000094d75940,0x000000009ac80000)
 Metaspace       used 112530K, capacity 117614K, committed 119256K, reserved 1153024K
  class space    used 14444K, capacity 15476K, committed 15872K, reserved 1048576K
Event: 10179.931 GC heap after
Heap after GC invocations=36 (full 5):
 PSYoungGen      total 503296K, used 73703K [0x00000000d5580000, 0x0000000100000000, 0x0000000100000000)
  eden space 429568K, 0% used [0x00000000d5580000,0x00000000d5580000,0x00000000ef900000)
  from space 73728K, 99% used [0x00000000ef900000,0x00000000f40f9d08,0x00000000f4100000)
  to   space 135680K, 0% used [0x00000000f7b80000,0x00000000f7b80000,0x0000000100000000)
 ParOldGen       total 438784K, used 341470K [0x0000000080000000, 0x000000009ac80000, 0x00000000d5580000)
  object space 438784K, 77% used [0x0000000080000000,0x0000000094d77940,0x000000009ac80000)
 Metaspace       used 112530K, capacity 117614K, committed 119256K, reserved 1153024K
  class space    used 14444K, capacity 15476K, committed 15872K, reserved 1048576K
}

