# JRE version: OpenJDK Runtime Environment (8.0_242-b01) (build 1.8.0_242-release-1644-b01)
# Java VM: OpenJDK 64-Bit Server VM (25.242-b01 mixed mode windows-amd64 compressed oops)
Heap:
 PSYoungGen      total 129536K, used 80977K [0x00000000d5580000, 0x00000000df780000, 0x0000000100000000)
  eden space 114688K, 57% used [0x00000000d5580000,0x00000000d962a320,0x00000000dc580000)
  from space 14848K, 99% used [0x00000000dc900000,0x00000000dd76a1d0,0x00000000dd780000)
  to   space 25600K, 0% used [0x00000000dde80000,0x00000000dde80000,0x00000000df780000)
 ParOldGen       total 114688K, used 71147K [0x0000000080000000, 0x0000000087000000, 0x00000000d5580000)
  object space 114688K, 62% used [0x0000000080000000,0x000000008457ad68,0x0000000087000000)
 Metaspace       used 77867K, capacity 81918K, committed 82200K, reserved 1120256K
  class space    used 10147K, capacity 10929K, committed 11056K, reserved 1048576K
GC Heap History (10 events):
Event: 1759.626 GC heap before
{Heap before GC invocations=30 (full 3):
 PSYoungGen      total 160768K, used 154823K [0x00000000d5580000, 0x00000000e1300000, 0x0000000100000000)
  eden space 133632K, 100% used [0x00000000d5580000,0x00000000dd800000,0x00000000dd800000)
  from space 27136K, 78% used [0x00000000df880000,0x00000000e0d31d10,0x00000000e1300000)
  to   space 30208K, 0% used [0x00000000dd800000,0x00000000dd800000,0x00000000df580000)
 ParOldGen       total 114688K, used 71131K [0x0000000080000000, 0x0000000087000000, 0x00000000d5580000)
  object space 114688K, 62% used [0x0000000080000000,0x0000000084576d68,0x0000000087000000)
 Metaspace       used 77425K, capacity 81198K, committed 81304K, reserved 1120256K
  class space    used 10099K, capacity 10841K, committed 10928K, reserved 1048576K
Event: 1759.638 GC heap after
Heap after GC invocations=30 (full 3):
 PSYoungGen      total 139776K, used 10136K [0x00000000d5580000, 0x00000000e0e00000, 0x0000000100000000)
  eden space 129536K, 0% used [0x00000000d5580000,0x00000000d5580000,0x00000000dd400000)
  from space 10240K, 98% used [0x00000000dd800000,0x00000000de1e61e0,0x00000000de200000)
  to   space 29696K, 0% used [0x00000000df100000,0x00000000df100000,0x00000000e0e00000)
 ParOldGen       total 114688K, used 71131K [0x0000000080000000, 0x0000000087000000, 0x00000000d5580000)
  object space 114688K, 62% used [0x0000000080000000,0x0000000084576d68,0x0000000087000000)
 Metaspace       used 77425K, capacity 81198K, committed 81304K, reserved 1120256K
  class space    used 10099K, capacity 10841K, committed 10928K, reserved 1048576K
}
Event: 1762.812 GC heap before
{Heap before GC invocations=31 (full 3):
 PSYoungGen      total 139776K, used 139672K [0x00000000d5580000, 0x00000000e0e00000, 0x0000000100000000)
  eden space 129536K, 100% used [0x00000000d5580000,0x00000000dd400000,0x00000000dd400000)
  from space 10240K, 98% used [0x00000000dd800000,0x00000000de1e61e0,0x00000000de200000)
  to   space 29696K, 0% used [0x00000000df100000,0x00000000df100000,0x00000000e0e00000)
 ParOldGen       total 114688K, used 71131K [0x0000000080000000, 0x0000000087000000, 0x00000000d5580000)
  object space 114688K, 62% used [0x0000000080000000,0x0000000084576d68,0x0000000087000000)
 Metaspace       used 77469K, capacity 81310K, committed 81560K, reserved 1120256K
  class space    used 10103K, capacity 10849K, committed 10928K, reserved 1048576K
Event: 1762.827 GC heap after
Heap after GC invocations=31 (full 3):
 PSYoungGen      total 147968K, used 13600K [0x00000000d5580000, 0x00000000e0700000, 0x0000000100000000)
  eden space 125440K, 0% used [0x00000000d5580000,0x00000000d5580000,0x00000000dd000000)
  from space 22528K, 60% used [0x00000000df100000,0x00000000dfe48020,0x00000000e0700000)
  to   space 28160K, 0% used [0x00000000dd000000,0x00000000dd000000,0x00000000deb80000)
 ParOldGen       total 114688K, used 71139K [0x0000000080000000, 0x0000000087000000, 0x00000000d5580000)
  object space 114688K, 62% used [0x0000000080000000,0x0000000084578d68,0x0000000087000000)
 Metaspace       used 77469K, capacity 81310K, committed 81560K, reserved 1120256K
  class space    used 10103K, capacity 10849K, committed 10928K, reserved 1048576K
}
Event: 2051.337 GC heap before
{Heap before GC invocations=32 (full 3):
 PSYoungGen      total 147968K, used 139040K [0x00000000d5580000, 0x00000000e0700000, 0x0000000100000000)
  eden space 125440K, 100% used [0x00000000d5580000,0x00000000dd000000,0x00000000dd000000)
  from space 22528K, 60% used [0x00000000df100000,0x00000000dfe48020,0x00000000e0700000)
  to   space 28160K, 0% used [0x00000000dd000000,0x00000000dd000000,0x00000000deb80000)
 ParOldGen       total 114688K, used 71139K [0x0000000080000000, 0x0000000087000000, 0x00000000d5580000)
  object space 114688K, 62% used [0x0000000080000000,0x0000000084578d68,0x0000000087000000)
 Metaspace       used 77667K, capacity 81584K, committed 81816K, reserved 1120256K
  class space    used 10122K, capacity 10884K, committed 10928K, reserved 1048576K
Event: 2051.358 GC heap after
Heap after GC invocations=32 (full 3):
 PSYoungGen      total 131072K, used 8712K [0x00000000d5580000, 0x00000000e0280000, 0x0000000100000000)
  eden space 121856K, 0% used [0x00000000d5580000,0x00000000d5580000,0x00000000dcc80000)
  from space 9216K, 94% used [0x00000000dd000000,0x00000000dd8821e0,0x00000000dd900000)
  to   space 27648K, 0% used [0x00000000de780000,0x00000000de780000,0x00000000e0280000)
 ParOldGen       total 114688K, used 71139K [0x0000000080000000, 0x0000000087000000, 0x00000000d5580000)
  object space 114688K, 62% used [0x0000000080000000,0x0000000084578d68,0x0000000087000000)
 Metaspace       used 77667K, capacity 81584K, committed 81816K, reserved 1120256K
  class space    used 10122K, capacity 10884K, committed 10928K, reserved 1048576K
}
Event: 2053.401 GC heap before
{Heap before GC invocations=33 (full 3):
 PSYoungGen      total 131072K, used 130568K [0x00000000d5580000, 0x00000000e0280000, 0x0000000100000000)
  eden space 121856K, 100% used [0x00000000d5580000,0x00000000dcc80000,0x00000000dcc80000)
  from space 9216K, 94% used [0x00000000dd000000,0x00000000dd8821e0,0x00000000dd900000)
  to   space 27648K, 0% used [0x00000000de780000,0x00000000de780000,0x00000000e0280000)
 ParOldGen       total 114688K, used 71139K [0x0000000080000000, 0x0000000087000000, 0x00000000d5580000)
  object space 114688K, 62% used [0x0000000080000000,0x0000000084578d68,0x0000000087000000)
 Metaspace       used 77724K, capacity 81680K, committed 81816K, reserved 1120256K
  class space    used 10131K, capacity 10900K, committed 10928K, reserved 1048576K
Event: 2053.415 GC heap after
Heap after GC invocations=33 (full 3):
 PSYoungGen      total 140288K, used 12960K [0x00000000d5580000, 0x00000000dfd00000, 0x0000000100000000)
  eden space 118272K, 0% used [0x00000000d5580000,0x00000000d5580000,0x00000000dc900000)
  from space 22016K, 58% used [0x00000000de780000,0x00000000df428040,0x00000000dfd00000)
  to   space 26624K, 0% used [0x00000000dc900000,0x00000000dc900000,0x00000000de300000)
 ParOldGen       total 114688K, used 71147K [0x0000000080000000, 0x0000000087000000, 0x00000000d5580000)
  object space 114688K, 62% used [0x0000000080000000,0x000000008457ad68,0x0000000087000000)
 Metaspace       used 77724K, capacity 81680K, committed 81816K, reserved 1120256K
  class space    used 10131K, capacity 10900K, committed 10928K, reserved 1048576K
}
Event: 2054.431 GC heap before
{Heap before GC invocations=34 (full 3):
 PSYoungGen      total 140288K, used 131232K [0x00000000d5580000, 0x00000000dfd00000, 0x0000000100000000)
  eden space 118272K, 100% used [0x00000000d5580000,0x00000000dc900000,0x00000000dc900000)
  from space 22016K, 58% used [0x00000000de780000,0x00000000df428040,0x00000000dfd00000)
  to   space 26624K, 0% used [0x00000000dc900000,0x00000000dc900000,0x00000000de300000)
 ParOldGen       total 114688K, used 71147K [0x0000000080000000, 0x0000000087000000, 0x00000000d5580000)
  object space 114688K, 62% used [0x0000000080000000,0x000000008457ad68,0x0000000087000000)
 Metaspace       used 77787K, capacity 81870K, committed 82072K, reserved 1120256K
  class space    used 10142K, capacity 10921K, committed 10928K, reserved 1048576K
Event: 2054.446 GC heap after
Heap after GC invocations=34 (full 3):
 PSYoungGen      total 129536K, used 14760K [0x00000000d5580000, 0x00000000df780000, 0x0000000100000000)
  eden space 114688K, 0% used [0x00000000d5580000,0x00000000d5580000,0x00000000dc580000)
  from space 14848K, 99% used [0x00000000dc900000,0x00000000dd76a1d0,0x00000000dd780000)
  to   space 25600K, 0% used [0x00000000dde80000,0x00000000dde80000,0x00000000df780000)
 ParOldGen       total 114688K, used 71147K [0x0000000080000000, 0x0000000087000000, 0x00000000d5580000)
  object space 114688K, 62% used [0x0000000080000000,0x000000008457ad68,0x0000000087000000)
 Metaspace       used 77787K, capacity 81870K, committed 82072K, reserved 1120256K
  class space    used 10142K, capacity 10921K, committed 10928K, reserved 1048576K
}

